2018-09-13 11:35:02,587 [myid:] - INFO  [main:QuorumPeerConfig@134] - Reading configuration from: /Users/klaus/Desktop/druid-superset-environment/druid-superset/druid-0.12.2/zookeeper-3.4.10/bin/../conf/zoo.cfg
2018-09-13 11:35:02,592 [myid:] - INFO  [main:DatadirCleanupManager@78] - autopurge.snapRetainCount set to 3
2018-09-13 11:35:02,592 [myid:] - INFO  [main:DatadirCleanupManager@79] - autopurge.purgeInterval set to 0
2018-09-13 11:35:02,592 [myid:] - INFO  [main:DatadirCleanupManager@101] - Purge task is not scheduled.
2018-09-13 11:35:02,592 [myid:] - WARN  [main:QuorumPeerMain@113] - Either no config or no quorum defined in config, running  in standalone mode
2018-09-13 11:35:02,603 [myid:] - INFO  [main:QuorumPeerConfig@134] - Reading configuration from: /Users/klaus/Desktop/druid-superset-environment/druid-superset/druid-0.12.2/zookeeper-3.4.10/bin/../conf/zoo.cfg
2018-09-13 11:35:02,604 [myid:] - INFO  [main:ZooKeeperServerMain@96] - Starting server
2018-09-13 11:35:02,634 [myid:] - INFO  [main:Environment@100] - Server environment:zookeeper.version=3.4.10-39d3a4f269333c922ed3db283be479f9deacaa0f, built on 03/23/2017 10:13 GMT
2018-09-13 11:35:02,634 [myid:] - INFO  [main:Environment@100] - Server environment:host.name=192.168.0.103
2018-09-13 11:35:02,634 [myid:] - INFO  [main:Environment@100] - Server environment:java.version=1.8.0_181
2018-09-13 11:35:02,634 [myid:] - INFO  [main:Environment@100] - Server environment:java.vendor=Oracle Corporation
2018-09-13 11:35:02,635 [myid:] - INFO  [main:Environment@100] - Server environment:java.home=/Library/Java/JavaVirtualMachines/jdk1.8.0_181.jdk/Contents/Home/jre
2018-09-13 11:35:02,635 [myid:] - INFO  [main:Environment@100] - Server environment:java.class.path=/Users/klaus/Desktop/druid-superset-environment/druid-superset/druid-0.12.2/zookeeper-3.4.10/bin/../build/classes:/Users/klaus/Desktop/druid-superset-environment/druid-superset/druid-0.12.2/zookeeper-3.4.10/bin/../build/lib/*.jar:/Users/klaus/Desktop/druid-superset-environment/druid-superset/druid-0.12.2/zookeeper-3.4.10/bin/../lib/slf4j-log4j12-1.6.1.jar:/Users/klaus/Desktop/druid-superset-environment/druid-superset/druid-0.12.2/zookeeper-3.4.10/bin/../lib/slf4j-api-1.6.1.jar:/Users/klaus/Desktop/druid-superset-environment/druid-superset/druid-0.12.2/zookeeper-3.4.10/bin/../lib/netty-3.10.5.Final.jar:/Users/klaus/Desktop/druid-superset-environment/druid-superset/druid-0.12.2/zookeeper-3.4.10/bin/../lib/log4j-1.2.16.jar:/Users/klaus/Desktop/druid-superset-environment/druid-superset/druid-0.12.2/zookeeper-3.4.10/bin/../lib/jline-0.9.94.jar:/Users/klaus/Desktop/druid-superset-environment/druid-superset/druid-0.12.2/zookeeper-3.4.10/bin/../zookeeper-3.4.10.jar:/Users/klaus/Desktop/druid-superset-environment/druid-superset/druid-0.12.2/zookeeper-3.4.10/bin/../src/java/lib/*.jar:/Users/klaus/Desktop/druid-superset-environment/druid-superset/druid-0.12.2/zookeeper-3.4.10/bin/../conf:
2018-09-13 11:35:02,635 [myid:] - INFO  [main:Environment@100] - Server environment:java.library.path=/Users/klaus/Library/Java/Extensions:/Library/Java/Extensions:/Network/Library/Java/Extensions:/System/Library/Java/Extensions:/usr/lib/java:.
2018-09-13 11:35:02,635 [myid:] - INFO  [main:Environment@100] - Server environment:java.io.tmpdir=/var/folders/j5/j4xgg7rd4f1094fmd_tl20r40000gn/T/
2018-09-13 11:35:02,635 [myid:] - INFO  [main:Environment@100] - Server environment:java.compiler=<NA>
2018-09-13 11:35:02,637 [myid:] - INFO  [main:Environment@100] - Server environment:os.name=Mac OS X
2018-09-13 11:35:02,637 [myid:] - INFO  [main:Environment@100] - Server environment:os.arch=x86_64
2018-09-13 11:35:02,637 [myid:] - INFO  [main:Environment@100] - Server environment:os.version=10.13.6
2018-09-13 11:35:02,637 [myid:] - INFO  [main:Environment@100] - Server environment:user.name=klaus
2018-09-13 11:35:02,637 [myid:] - INFO  [main:Environment@100] - Server environment:user.home=/Users/klaus
2018-09-13 11:35:02,637 [myid:] - INFO  [main:Environment@100] - Server environment:user.dir=/Users/klaus/Desktop/druid-superset-environment/druid-superset/druid-0.12.2
2018-09-13 11:35:02,649 [myid:] - INFO  [main:ZooKeeperServer@829] - tickTime set to 2000
2018-09-13 11:35:02,649 [myid:] - INFO  [main:ZooKeeperServer@838] - minSessionTimeout set to -1
2018-09-13 11:35:02,649 [myid:] - INFO  [main:ZooKeeperServer@847] - maxSessionTimeout set to -1
2018-09-13 11:35:02,679 [myid:] - INFO  [main:NIOServerCnxnFactory@89] - binding to port 0.0.0.0/0.0.0.0:2181
2018-09-13 11:35:02,681 [myid:] - ERROR [main:ZooKeeperServerMain@64] - Unexpected exception, exiting abnormally
java.net.BindException: Address already in use
	at sun.nio.ch.Net.bind0(Native Method)
	at sun.nio.ch.Net.bind(Net.java:433)
	at sun.nio.ch.Net.bind(Net.java:425)
	at sun.nio.ch.ServerSocketChannelImpl.bind(ServerSocketChannelImpl.java:223)
	at sun.nio.ch.ServerSocketAdaptor.bind(ServerSocketAdaptor.java:74)
	at sun.nio.ch.ServerSocketAdaptor.bind(ServerSocketAdaptor.java:67)
	at org.apache.zookeeper.server.NIOServerCnxnFactory.configure(NIOServerCnxnFactory.java:90)
	at org.apache.zookeeper.server.ZooKeeperServerMain.runFromConfig(ZooKeeperServerMain.java:117)
	at org.apache.zookeeper.server.ZooKeeperServerMain.initializeAndRun(ZooKeeperServerMain.java:87)
	at org.apache.zookeeper.server.ZooKeeperServerMain.main(ZooKeeperServerMain.java:53)
	at org.apache.zookeeper.server.quorum.QuorumPeerMain.initializeAndRun(QuorumPeerMain.java:116)
	at org.apache.zookeeper.server.quorum.QuorumPeerMain.main(QuorumPeerMain.java:78)
